<?xml version="1.0" encoding="UTF-8"?>
<!-- Generated by org.testng.reporters.JUnitReportReporter -->
<testsuite skipped="0" hostname="DESKTOP-1MUTQRP" name="AutomationTask.AutomationTask.signup" tests="1" failures="0" timestamp="2022-08-20T19:54:40 EET" time="25.728" errors="0">
  <testcase name="test" time="25.728" classname="AutomationTask.AutomationTask.signup"/>
  <system-out/>
</testsuite> <!-- AutomationTask.AutomationTask.signup -->
